[2019-08-09 15:48:30,744] {logging_mixin.py:95} INFO - [2019-08-09 15:48:30,743] {settings.py:213} INFO - settings.configure_orm(): Using pool settings. pool_size=5, max_overflow=10, pool_recycle=1800, pid=48781
[2019-08-09 15:48:30,748] {scheduler_job.py:146} INFO - Started process (PID=48781) to work on /Users/vijay.karingula/Desktop/Projects/Airflow-tuts/dags/buchki.py
[2019-08-09 15:48:30,755] {scheduler_job.py:1493} INFO - Processing file /Users/vijay.karingula/Desktop/Projects/Airflow-tuts/dags/buchki.py for tasks to queue
[2019-08-09 15:48:30,756] {logging_mixin.py:95} INFO - [2019-08-09 15:48:30,755] {dagbag.py:90} INFO - Filling up the DagBag from /Users/vijay.karingula/Desktop/Projects/Airflow-tuts/dags/buchki.py
[2019-08-09 15:48:30,762] {scheduler_job.py:1505} INFO - DAG(s) dict_keys(['tutorial']) retrieved from /Users/vijay.karingula/Desktop/Projects/Airflow-tuts/dags/buchki.py
[2019-08-09 15:48:30,796] {scheduler_job.py:152} INFO - Processing /Users/vijay.karingula/Desktop/Projects/Airflow-tuts/dags/buchki.py took 0.048 seconds
[2019-08-09 15:48:40,774] {logging_mixin.py:95} INFO - [2019-08-09 15:48:40,774] {settings.py:213} INFO - settings.configure_orm(): Using pool settings. pool_size=5, max_overflow=10, pool_recycle=1800, pid=48832
[2019-08-09 15:48:40,780] {scheduler_job.py:146} INFO - Started process (PID=48832) to work on /Users/vijay.karingula/Desktop/Projects/Airflow-tuts/dags/buchki.py
[2019-08-09 15:48:40,788] {scheduler_job.py:1493} INFO - Processing file /Users/vijay.karingula/Desktop/Projects/Airflow-tuts/dags/buchki.py for tasks to queue
[2019-08-09 15:48:40,790] {logging_mixin.py:95} INFO - [2019-08-09 15:48:40,789] {dagbag.py:90} INFO - Filling up the DagBag from /Users/vijay.karingula/Desktop/Projects/Airflow-tuts/dags/buchki.py
[2019-08-09 15:48:40,798] {scheduler_job.py:1505} INFO - DAG(s) dict_keys(['tutorial']) retrieved from /Users/vijay.karingula/Desktop/Projects/Airflow-tuts/dags/buchki.py
[2019-08-09 15:48:40,834] {scheduler_job.py:152} INFO - Processing /Users/vijay.karingula/Desktop/Projects/Airflow-tuts/dags/buchki.py took 0.054 seconds
[2019-08-09 15:48:50,802] {logging_mixin.py:95} INFO - [2019-08-09 15:48:50,802] {settings.py:213} INFO - settings.configure_orm(): Using pool settings. pool_size=5, max_overflow=10, pool_recycle=1800, pid=48887
[2019-08-09 15:48:50,807] {scheduler_job.py:146} INFO - Started process (PID=48887) to work on /Users/vijay.karingula/Desktop/Projects/Airflow-tuts/dags/buchki.py
[2019-08-09 15:48:50,815] {scheduler_job.py:1493} INFO - Processing file /Users/vijay.karingula/Desktop/Projects/Airflow-tuts/dags/buchki.py for tasks to queue
[2019-08-09 15:48:50,816] {logging_mixin.py:95} INFO - [2019-08-09 15:48:50,816] {dagbag.py:90} INFO - Filling up the DagBag from /Users/vijay.karingula/Desktop/Projects/Airflow-tuts/dags/buchki.py
[2019-08-09 15:48:50,823] {scheduler_job.py:1505} INFO - DAG(s) dict_keys(['tutorial']) retrieved from /Users/vijay.karingula/Desktop/Projects/Airflow-tuts/dags/buchki.py
[2019-08-09 15:48:50,862] {scheduler_job.py:152} INFO - Processing /Users/vijay.karingula/Desktop/Projects/Airflow-tuts/dags/buchki.py took 0.055 seconds
[2019-08-09 15:49:00,831] {logging_mixin.py:95} INFO - [2019-08-09 15:49:00,830] {settings.py:213} INFO - settings.configure_orm(): Using pool settings. pool_size=5, max_overflow=10, pool_recycle=1800, pid=48951
[2019-08-09 15:49:00,835] {scheduler_job.py:146} INFO - Started process (PID=48951) to work on /Users/vijay.karingula/Desktop/Projects/Airflow-tuts/dags/buchki.py
[2019-08-09 15:49:00,842] {scheduler_job.py:1493} INFO - Processing file /Users/vijay.karingula/Desktop/Projects/Airflow-tuts/dags/buchki.py for tasks to queue
[2019-08-09 15:49:00,843] {logging_mixin.py:95} INFO - [2019-08-09 15:49:00,843] {dagbag.py:90} INFO - Filling up the DagBag from /Users/vijay.karingula/Desktop/Projects/Airflow-tuts/dags/buchki.py
[2019-08-09 15:49:00,844] {scheduler_job.py:1507} WARNING - No viable dags retrieved from /Users/vijay.karingula/Desktop/Projects/Airflow-tuts/dags/buchki.py
[2019-08-09 15:49:00,845] {scheduler_job.py:152} INFO - Processing /Users/vijay.karingula/Desktop/Projects/Airflow-tuts/dags/buchki.py took 0.010 seconds
[2019-08-09 15:49:10,865] {logging_mixin.py:95} INFO - [2019-08-09 15:49:10,864] {settings.py:213} INFO - settings.configure_orm(): Using pool settings. pool_size=5, max_overflow=10, pool_recycle=1800, pid=49010
[2019-08-09 15:49:10,869] {scheduler_job.py:146} INFO - Started process (PID=49010) to work on /Users/vijay.karingula/Desktop/Projects/Airflow-tuts/dags/buchki.py
[2019-08-09 15:49:10,877] {scheduler_job.py:1493} INFO - Processing file /Users/vijay.karingula/Desktop/Projects/Airflow-tuts/dags/buchki.py for tasks to queue
[2019-08-09 15:49:10,878] {logging_mixin.py:95} INFO - [2019-08-09 15:49:10,878] {dagbag.py:90} INFO - Filling up the DagBag from /Users/vijay.karingula/Desktop/Projects/Airflow-tuts/dags/buchki.py
[2019-08-09 15:49:10,879] {scheduler_job.py:1507} WARNING - No viable dags retrieved from /Users/vijay.karingula/Desktop/Projects/Airflow-tuts/dags/buchki.py
[2019-08-09 15:49:10,880] {scheduler_job.py:152} INFO - Processing /Users/vijay.karingula/Desktop/Projects/Airflow-tuts/dags/buchki.py took 0.011 seconds
[2019-08-09 15:49:20,893] {logging_mixin.py:95} INFO - [2019-08-09 15:49:20,892] {settings.py:213} INFO - settings.configure_orm(): Using pool settings. pool_size=5, max_overflow=10, pool_recycle=1800, pid=49073
[2019-08-09 15:49:20,897] {scheduler_job.py:146} INFO - Started process (PID=49073) to work on /Users/vijay.karingula/Desktop/Projects/Airflow-tuts/dags/buchki.py
[2019-08-09 15:49:20,905] {scheduler_job.py:1493} INFO - Processing file /Users/vijay.karingula/Desktop/Projects/Airflow-tuts/dags/buchki.py for tasks to queue
[2019-08-09 15:49:20,907] {logging_mixin.py:95} INFO - [2019-08-09 15:49:20,906] {dagbag.py:90} INFO - Filling up the DagBag from /Users/vijay.karingula/Desktop/Projects/Airflow-tuts/dags/buchki.py
[2019-08-09 15:49:20,908] {scheduler_job.py:1507} WARNING - No viable dags retrieved from /Users/vijay.karingula/Desktop/Projects/Airflow-tuts/dags/buchki.py
[2019-08-09 15:49:20,909] {scheduler_job.py:152} INFO - Processing /Users/vijay.karingula/Desktop/Projects/Airflow-tuts/dags/buchki.py took 0.012 seconds
[2019-08-09 15:49:30,930] {logging_mixin.py:95} INFO - [2019-08-09 15:49:30,929] {settings.py:213} INFO - settings.configure_orm(): Using pool settings. pool_size=5, max_overflow=10, pool_recycle=1800, pid=49130
[2019-08-09 15:49:30,935] {scheduler_job.py:146} INFO - Started process (PID=49130) to work on /Users/vijay.karingula/Desktop/Projects/Airflow-tuts/dags/buchki.py
[2019-08-09 15:49:30,943] {scheduler_job.py:1493} INFO - Processing file /Users/vijay.karingula/Desktop/Projects/Airflow-tuts/dags/buchki.py for tasks to queue
[2019-08-09 15:49:30,945] {logging_mixin.py:95} INFO - [2019-08-09 15:49:30,944] {dagbag.py:90} INFO - Filling up the DagBag from /Users/vijay.karingula/Desktop/Projects/Airflow-tuts/dags/buchki.py
[2019-08-09 15:49:30,946] {scheduler_job.py:1507} WARNING - No viable dags retrieved from /Users/vijay.karingula/Desktop/Projects/Airflow-tuts/dags/buchki.py
[2019-08-09 15:49:30,947] {scheduler_job.py:152} INFO - Processing /Users/vijay.karingula/Desktop/Projects/Airflow-tuts/dags/buchki.py took 0.012 seconds
[2019-08-09 15:49:40,952] {logging_mixin.py:95} INFO - [2019-08-09 15:49:40,951] {settings.py:213} INFO - settings.configure_orm(): Using pool settings. pool_size=5, max_overflow=10, pool_recycle=1800, pid=49181
[2019-08-09 15:49:40,957] {scheduler_job.py:146} INFO - Started process (PID=49181) to work on /Users/vijay.karingula/Desktop/Projects/Airflow-tuts/dags/buchki.py
[2019-08-09 15:49:40,966] {scheduler_job.py:1493} INFO - Processing file /Users/vijay.karingula/Desktop/Projects/Airflow-tuts/dags/buchki.py for tasks to queue
[2019-08-09 15:49:40,968] {logging_mixin.py:95} INFO - [2019-08-09 15:49:40,967] {dagbag.py:90} INFO - Filling up the DagBag from /Users/vijay.karingula/Desktop/Projects/Airflow-tuts/dags/buchki.py
[2019-08-09 15:49:40,970] {scheduler_job.py:1507} WARNING - No viable dags retrieved from /Users/vijay.karingula/Desktop/Projects/Airflow-tuts/dags/buchki.py
[2019-08-09 15:49:40,971] {scheduler_job.py:152} INFO - Processing /Users/vijay.karingula/Desktop/Projects/Airflow-tuts/dags/buchki.py took 0.015 seconds
[2019-08-09 15:49:50,986] {logging_mixin.py:95} INFO - [2019-08-09 15:49:50,985] {settings.py:213} INFO - settings.configure_orm(): Using pool settings. pool_size=5, max_overflow=10, pool_recycle=1800, pid=49237
[2019-08-09 15:49:50,990] {scheduler_job.py:146} INFO - Started process (PID=49237) to work on /Users/vijay.karingula/Desktop/Projects/Airflow-tuts/dags/buchki.py
[2019-08-09 15:49:50,999] {scheduler_job.py:1493} INFO - Processing file /Users/vijay.karingula/Desktop/Projects/Airflow-tuts/dags/buchki.py for tasks to queue
[2019-08-09 15:49:51,000] {logging_mixin.py:95} INFO - [2019-08-09 15:49:51,000] {dagbag.py:90} INFO - Filling up the DagBag from /Users/vijay.karingula/Desktop/Projects/Airflow-tuts/dags/buchki.py
[2019-08-09 15:49:51,002] {scheduler_job.py:1507} WARNING - No viable dags retrieved from /Users/vijay.karingula/Desktop/Projects/Airflow-tuts/dags/buchki.py
[2019-08-09 15:49:51,003] {scheduler_job.py:152} INFO - Processing /Users/vijay.karingula/Desktop/Projects/Airflow-tuts/dags/buchki.py took 0.012 seconds
[2019-08-09 15:50:01,015] {logging_mixin.py:95} INFO - [2019-08-09 15:50:01,014] {settings.py:213} INFO - settings.configure_orm(): Using pool settings. pool_size=5, max_overflow=10, pool_recycle=1800, pid=49292
[2019-08-09 15:50:01,020] {scheduler_job.py:146} INFO - Started process (PID=49292) to work on /Users/vijay.karingula/Desktop/Projects/Airflow-tuts/dags/buchki.py
[2019-08-09 15:50:01,028] {scheduler_job.py:1493} INFO - Processing file /Users/vijay.karingula/Desktop/Projects/Airflow-tuts/dags/buchki.py for tasks to queue
[2019-08-09 15:50:01,030] {logging_mixin.py:95} INFO - [2019-08-09 15:50:01,029] {dagbag.py:90} INFO - Filling up the DagBag from /Users/vijay.karingula/Desktop/Projects/Airflow-tuts/dags/buchki.py
[2019-08-09 15:50:01,031] {scheduler_job.py:1507} WARNING - No viable dags retrieved from /Users/vijay.karingula/Desktop/Projects/Airflow-tuts/dags/buchki.py
[2019-08-09 15:50:01,032] {scheduler_job.py:152} INFO - Processing /Users/vijay.karingula/Desktop/Projects/Airflow-tuts/dags/buchki.py took 0.012 seconds
[2019-08-09 15:50:11,044] {logging_mixin.py:95} INFO - [2019-08-09 15:50:11,043] {settings.py:213} INFO - settings.configure_orm(): Using pool settings. pool_size=5, max_overflow=10, pool_recycle=1800, pid=49342
[2019-08-09 15:50:11,049] {scheduler_job.py:146} INFO - Started process (PID=49342) to work on /Users/vijay.karingula/Desktop/Projects/Airflow-tuts/dags/buchki.py
[2019-08-09 15:50:11,058] {scheduler_job.py:1493} INFO - Processing file /Users/vijay.karingula/Desktop/Projects/Airflow-tuts/dags/buchki.py for tasks to queue
[2019-08-09 15:50:11,059] {logging_mixin.py:95} INFO - [2019-08-09 15:50:11,059] {dagbag.py:90} INFO - Filling up the DagBag from /Users/vijay.karingula/Desktop/Projects/Airflow-tuts/dags/buchki.py
[2019-08-09 15:50:11,061] {scheduler_job.py:1507} WARNING - No viable dags retrieved from /Users/vijay.karingula/Desktop/Projects/Airflow-tuts/dags/buchki.py
[2019-08-09 15:50:11,062] {scheduler_job.py:152} INFO - Processing /Users/vijay.karingula/Desktop/Projects/Airflow-tuts/dags/buchki.py took 0.013 seconds
[2019-08-09 15:50:21,067] {logging_mixin.py:95} INFO - [2019-08-09 15:50:21,066] {settings.py:213} INFO - settings.configure_orm(): Using pool settings. pool_size=5, max_overflow=10, pool_recycle=1800, pid=49397
[2019-08-09 15:50:21,072] {scheduler_job.py:146} INFO - Started process (PID=49397) to work on /Users/vijay.karingula/Desktop/Projects/Airflow-tuts/dags/buchki.py
[2019-08-09 15:50:21,083] {scheduler_job.py:1493} INFO - Processing file /Users/vijay.karingula/Desktop/Projects/Airflow-tuts/dags/buchki.py for tasks to queue
[2019-08-09 15:50:21,084] {logging_mixin.py:95} INFO - [2019-08-09 15:50:21,084] {dagbag.py:90} INFO - Filling up the DagBag from /Users/vijay.karingula/Desktop/Projects/Airflow-tuts/dags/buchki.py
[2019-08-09 15:50:21,086] {scheduler_job.py:1507} WARNING - No viable dags retrieved from /Users/vijay.karingula/Desktop/Projects/Airflow-tuts/dags/buchki.py
[2019-08-09 15:50:21,087] {scheduler_job.py:152} INFO - Processing /Users/vijay.karingula/Desktop/Projects/Airflow-tuts/dags/buchki.py took 0.015 seconds
[2019-08-09 15:50:31,093] {logging_mixin.py:95} INFO - [2019-08-09 15:50:31,092] {settings.py:213} INFO - settings.configure_orm(): Using pool settings. pool_size=5, max_overflow=10, pool_recycle=1800, pid=49459
[2019-08-09 15:50:31,099] {scheduler_job.py:146} INFO - Started process (PID=49459) to work on /Users/vijay.karingula/Desktop/Projects/Airflow-tuts/dags/buchki.py
[2019-08-09 15:50:31,108] {scheduler_job.py:1493} INFO - Processing file /Users/vijay.karingula/Desktop/Projects/Airflow-tuts/dags/buchki.py for tasks to queue
[2019-08-09 15:50:31,110] {logging_mixin.py:95} INFO - [2019-08-09 15:50:31,110] {dagbag.py:90} INFO - Filling up the DagBag from /Users/vijay.karingula/Desktop/Projects/Airflow-tuts/dags/buchki.py
[2019-08-09 15:50:31,112] {scheduler_job.py:1507} WARNING - No viable dags retrieved from /Users/vijay.karingula/Desktop/Projects/Airflow-tuts/dags/buchki.py
[2019-08-09 15:50:31,113] {scheduler_job.py:152} INFO - Processing /Users/vijay.karingula/Desktop/Projects/Airflow-tuts/dags/buchki.py took 0.014 seconds
[2019-08-09 15:50:41,114] {logging_mixin.py:95} INFO - [2019-08-09 15:50:41,113] {settings.py:213} INFO - settings.configure_orm(): Using pool settings. pool_size=5, max_overflow=10, pool_recycle=1800, pid=49507
[2019-08-09 15:50:41,118] {scheduler_job.py:146} INFO - Started process (PID=49507) to work on /Users/vijay.karingula/Desktop/Projects/Airflow-tuts/dags/buchki.py
[2019-08-09 15:50:41,126] {scheduler_job.py:1493} INFO - Processing file /Users/vijay.karingula/Desktop/Projects/Airflow-tuts/dags/buchki.py for tasks to queue
[2019-08-09 15:50:41,127] {logging_mixin.py:95} INFO - [2019-08-09 15:50:41,126] {dagbag.py:90} INFO - Filling up the DagBag from /Users/vijay.karingula/Desktop/Projects/Airflow-tuts/dags/buchki.py
[2019-08-09 15:50:41,128] {scheduler_job.py:1507} WARNING - No viable dags retrieved from /Users/vijay.karingula/Desktop/Projects/Airflow-tuts/dags/buchki.py
[2019-08-09 15:50:41,129] {scheduler_job.py:152} INFO - Processing /Users/vijay.karingula/Desktop/Projects/Airflow-tuts/dags/buchki.py took 0.010 seconds
[2019-08-09 15:50:51,139] {logging_mixin.py:95} INFO - [2019-08-09 15:50:51,138] {settings.py:213} INFO - settings.configure_orm(): Using pool settings. pool_size=5, max_overflow=10, pool_recycle=1800, pid=49558
[2019-08-09 15:50:51,144] {scheduler_job.py:146} INFO - Started process (PID=49558) to work on /Users/vijay.karingula/Desktop/Projects/Airflow-tuts/dags/buchki.py
[2019-08-09 15:50:51,152] {scheduler_job.py:1493} INFO - Processing file /Users/vijay.karingula/Desktop/Projects/Airflow-tuts/dags/buchki.py for tasks to queue
[2019-08-09 15:50:51,153] {logging_mixin.py:95} INFO - [2019-08-09 15:50:51,152] {dagbag.py:90} INFO - Filling up the DagBag from /Users/vijay.karingula/Desktop/Projects/Airflow-tuts/dags/buchki.py
[2019-08-09 15:50:51,154] {scheduler_job.py:1507} WARNING - No viable dags retrieved from /Users/vijay.karingula/Desktop/Projects/Airflow-tuts/dags/buchki.py
[2019-08-09 15:50:51,155] {scheduler_job.py:152} INFO - Processing /Users/vijay.karingula/Desktop/Projects/Airflow-tuts/dags/buchki.py took 0.011 seconds
[2019-08-09 15:51:01,154] {logging_mixin.py:95} INFO - [2019-08-09 15:51:01,153] {settings.py:213} INFO - settings.configure_orm(): Using pool settings. pool_size=5, max_overflow=10, pool_recycle=1800, pid=49620
[2019-08-09 15:51:01,159] {scheduler_job.py:146} INFO - Started process (PID=49620) to work on /Users/vijay.karingula/Desktop/Projects/Airflow-tuts/dags/buchki.py
[2019-08-09 15:51:01,166] {scheduler_job.py:1493} INFO - Processing file /Users/vijay.karingula/Desktop/Projects/Airflow-tuts/dags/buchki.py for tasks to queue
[2019-08-09 15:51:01,167] {logging_mixin.py:95} INFO - [2019-08-09 15:51:01,167] {dagbag.py:90} INFO - Filling up the DagBag from /Users/vijay.karingula/Desktop/Projects/Airflow-tuts/dags/buchki.py
[2019-08-09 15:51:01,169] {scheduler_job.py:1507} WARNING - No viable dags retrieved from /Users/vijay.karingula/Desktop/Projects/Airflow-tuts/dags/buchki.py
[2019-08-09 15:51:01,170] {scheduler_job.py:152} INFO - Processing /Users/vijay.karingula/Desktop/Projects/Airflow-tuts/dags/buchki.py took 0.011 seconds
[2019-08-09 15:51:11,174] {logging_mixin.py:95} INFO - [2019-08-09 15:51:11,173] {settings.py:213} INFO - settings.configure_orm(): Using pool settings. pool_size=5, max_overflow=10, pool_recycle=1800, pid=49677
[2019-08-09 15:51:11,178] {scheduler_job.py:146} INFO - Started process (PID=49677) to work on /Users/vijay.karingula/Desktop/Projects/Airflow-tuts/dags/buchki.py
[2019-08-09 15:51:11,185] {scheduler_job.py:1493} INFO - Processing file /Users/vijay.karingula/Desktop/Projects/Airflow-tuts/dags/buchki.py for tasks to queue
[2019-08-09 15:51:11,186] {logging_mixin.py:95} INFO - [2019-08-09 15:51:11,186] {dagbag.py:90} INFO - Filling up the DagBag from /Users/vijay.karingula/Desktop/Projects/Airflow-tuts/dags/buchki.py
[2019-08-09 15:51:11,187] {scheduler_job.py:1507} WARNING - No viable dags retrieved from /Users/vijay.karingula/Desktop/Projects/Airflow-tuts/dags/buchki.py
[2019-08-09 15:51:11,188] {scheduler_job.py:152} INFO - Processing /Users/vijay.karingula/Desktop/Projects/Airflow-tuts/dags/buchki.py took 0.010 seconds
[2019-08-09 15:51:21,194] {logging_mixin.py:95} INFO - [2019-08-09 15:51:21,193] {settings.py:213} INFO - settings.configure_orm(): Using pool settings. pool_size=5, max_overflow=10, pool_recycle=1800, pid=49736
[2019-08-09 15:51:21,198] {scheduler_job.py:146} INFO - Started process (PID=49736) to work on /Users/vijay.karingula/Desktop/Projects/Airflow-tuts/dags/buchki.py
[2019-08-09 15:51:21,205] {scheduler_job.py:1493} INFO - Processing file /Users/vijay.karingula/Desktop/Projects/Airflow-tuts/dags/buchki.py for tasks to queue
[2019-08-09 15:51:21,206] {logging_mixin.py:95} INFO - [2019-08-09 15:51:21,206] {dagbag.py:90} INFO - Filling up the DagBag from /Users/vijay.karingula/Desktop/Projects/Airflow-tuts/dags/buchki.py
[2019-08-09 15:51:21,207] {scheduler_job.py:1507} WARNING - No viable dags retrieved from /Users/vijay.karingula/Desktop/Projects/Airflow-tuts/dags/buchki.py
[2019-08-09 15:51:21,208] {scheduler_job.py:152} INFO - Processing /Users/vijay.karingula/Desktop/Projects/Airflow-tuts/dags/buchki.py took 0.010 seconds
[2019-08-09 15:51:31,221] {logging_mixin.py:95} INFO - [2019-08-09 15:51:31,220] {settings.py:213} INFO - settings.configure_orm(): Using pool settings. pool_size=5, max_overflow=10, pool_recycle=1800, pid=49797
[2019-08-09 15:51:31,226] {scheduler_job.py:146} INFO - Started process (PID=49797) to work on /Users/vijay.karingula/Desktop/Projects/Airflow-tuts/dags/buchki.py
[2019-08-09 15:51:31,234] {scheduler_job.py:1493} INFO - Processing file /Users/vijay.karingula/Desktop/Projects/Airflow-tuts/dags/buchki.py for tasks to queue
[2019-08-09 15:51:31,235] {logging_mixin.py:95} INFO - [2019-08-09 15:51:31,235] {dagbag.py:90} INFO - Filling up the DagBag from /Users/vijay.karingula/Desktop/Projects/Airflow-tuts/dags/buchki.py
[2019-08-09 15:51:31,237] {scheduler_job.py:1507} WARNING - No viable dags retrieved from /Users/vijay.karingula/Desktop/Projects/Airflow-tuts/dags/buchki.py
[2019-08-09 15:51:31,238] {scheduler_job.py:152} INFO - Processing /Users/vijay.karingula/Desktop/Projects/Airflow-tuts/dags/buchki.py took 0.012 seconds
[2019-08-09 15:51:41,250] {logging_mixin.py:95} INFO - [2019-08-09 15:51:41,250] {settings.py:213} INFO - settings.configure_orm(): Using pool settings. pool_size=5, max_overflow=10, pool_recycle=1800, pid=49848
[2019-08-09 15:51:41,255] {scheduler_job.py:146} INFO - Started process (PID=49848) to work on /Users/vijay.karingula/Desktop/Projects/Airflow-tuts/dags/buchki.py
[2019-08-09 15:51:41,262] {scheduler_job.py:1493} INFO - Processing file /Users/vijay.karingula/Desktop/Projects/Airflow-tuts/dags/buchki.py for tasks to queue
[2019-08-09 15:51:41,263] {logging_mixin.py:95} INFO - [2019-08-09 15:51:41,263] {dagbag.py:90} INFO - Filling up the DagBag from /Users/vijay.karingula/Desktop/Projects/Airflow-tuts/dags/buchki.py
[2019-08-09 15:51:41,264] {scheduler_job.py:1507} WARNING - No viable dags retrieved from /Users/vijay.karingula/Desktop/Projects/Airflow-tuts/dags/buchki.py
[2019-08-09 15:51:41,265] {scheduler_job.py:152} INFO - Processing /Users/vijay.karingula/Desktop/Projects/Airflow-tuts/dags/buchki.py took 0.010 seconds
[2019-08-09 15:51:51,277] {logging_mixin.py:95} INFO - [2019-08-09 15:51:51,276] {settings.py:213} INFO - settings.configure_orm(): Using pool settings. pool_size=5, max_overflow=10, pool_recycle=1800, pid=49899
[2019-08-09 15:51:51,282] {scheduler_job.py:146} INFO - Started process (PID=49899) to work on /Users/vijay.karingula/Desktop/Projects/Airflow-tuts/dags/buchki.py
[2019-08-09 15:51:51,290] {scheduler_job.py:1493} INFO - Processing file /Users/vijay.karingula/Desktop/Projects/Airflow-tuts/dags/buchki.py for tasks to queue
[2019-08-09 15:51:51,291] {logging_mixin.py:95} INFO - [2019-08-09 15:51:51,291] {dagbag.py:90} INFO - Filling up the DagBag from /Users/vijay.karingula/Desktop/Projects/Airflow-tuts/dags/buchki.py
[2019-08-09 15:51:51,293] {scheduler_job.py:1507} WARNING - No viable dags retrieved from /Users/vijay.karingula/Desktop/Projects/Airflow-tuts/dags/buchki.py
[2019-08-09 15:51:51,294] {scheduler_job.py:152} INFO - Processing /Users/vijay.karingula/Desktop/Projects/Airflow-tuts/dags/buchki.py took 0.012 seconds
[2019-08-09 15:52:01,305] {logging_mixin.py:95} INFO - [2019-08-09 15:52:01,304] {settings.py:213} INFO - settings.configure_orm(): Using pool settings. pool_size=5, max_overflow=10, pool_recycle=1800, pid=49961
[2019-08-09 15:52:01,309] {scheduler_job.py:146} INFO - Started process (PID=49961) to work on /Users/vijay.karingula/Desktop/Projects/Airflow-tuts/dags/buchki.py
[2019-08-09 15:52:01,316] {scheduler_job.py:1493} INFO - Processing file /Users/vijay.karingula/Desktop/Projects/Airflow-tuts/dags/buchki.py for tasks to queue
[2019-08-09 15:52:01,317] {logging_mixin.py:95} INFO - [2019-08-09 15:52:01,317] {dagbag.py:90} INFO - Filling up the DagBag from /Users/vijay.karingula/Desktop/Projects/Airflow-tuts/dags/buchki.py
[2019-08-09 15:52:01,319] {scheduler_job.py:1507} WARNING - No viable dags retrieved from /Users/vijay.karingula/Desktop/Projects/Airflow-tuts/dags/buchki.py
[2019-08-09 15:52:01,319] {scheduler_job.py:152} INFO - Processing /Users/vijay.karingula/Desktop/Projects/Airflow-tuts/dags/buchki.py took 0.011 seconds
[2019-08-09 15:52:11,327] {logging_mixin.py:95} INFO - [2019-08-09 15:52:11,326] {settings.py:213} INFO - settings.configure_orm(): Using pool settings. pool_size=5, max_overflow=10, pool_recycle=1800, pid=50011
[2019-08-09 15:52:11,330] {scheduler_job.py:146} INFO - Started process (PID=50011) to work on /Users/vijay.karingula/Desktop/Projects/Airflow-tuts/dags/buchki.py
[2019-08-09 15:52:11,337] {scheduler_job.py:1493} INFO - Processing file /Users/vijay.karingula/Desktop/Projects/Airflow-tuts/dags/buchki.py for tasks to queue
[2019-08-09 15:52:11,338] {logging_mixin.py:95} INFO - [2019-08-09 15:52:11,337] {dagbag.py:90} INFO - Filling up the DagBag from /Users/vijay.karingula/Desktop/Projects/Airflow-tuts/dags/buchki.py
[2019-08-09 15:52:11,339] {scheduler_job.py:1507} WARNING - No viable dags retrieved from /Users/vijay.karingula/Desktop/Projects/Airflow-tuts/dags/buchki.py
[2019-08-09 15:52:11,340] {scheduler_job.py:152} INFO - Processing /Users/vijay.karingula/Desktop/Projects/Airflow-tuts/dags/buchki.py took 0.009 seconds
[2019-08-09 15:52:21,359] {logging_mixin.py:95} INFO - [2019-08-09 15:52:21,358] {settings.py:213} INFO - settings.configure_orm(): Using pool settings. pool_size=5, max_overflow=10, pool_recycle=1800, pid=50068
[2019-08-09 15:52:21,363] {scheduler_job.py:146} INFO - Started process (PID=50068) to work on /Users/vijay.karingula/Desktop/Projects/Airflow-tuts/dags/buchki.py
[2019-08-09 15:52:21,369] {scheduler_job.py:1493} INFO - Processing file /Users/vijay.karingula/Desktop/Projects/Airflow-tuts/dags/buchki.py for tasks to queue
[2019-08-09 15:52:21,370] {logging_mixin.py:95} INFO - [2019-08-09 15:52:21,370] {dagbag.py:90} INFO - Filling up the DagBag from /Users/vijay.karingula/Desktop/Projects/Airflow-tuts/dags/buchki.py
[2019-08-09 15:52:21,372] {scheduler_job.py:1507} WARNING - No viable dags retrieved from /Users/vijay.karingula/Desktop/Projects/Airflow-tuts/dags/buchki.py
[2019-08-09 15:52:21,373] {scheduler_job.py:152} INFO - Processing /Users/vijay.karingula/Desktop/Projects/Airflow-tuts/dags/buchki.py took 0.010 seconds
[2019-08-09 15:52:31,377] {logging_mixin.py:95} INFO - [2019-08-09 15:52:31,376] {settings.py:213} INFO - settings.configure_orm(): Using pool settings. pool_size=5, max_overflow=10, pool_recycle=1800, pid=50121
[2019-08-09 15:52:31,382] {scheduler_job.py:146} INFO - Started process (PID=50121) to work on /Users/vijay.karingula/Desktop/Projects/Airflow-tuts/dags/buchki.py
[2019-08-09 15:52:31,390] {scheduler_job.py:1493} INFO - Processing file /Users/vijay.karingula/Desktop/Projects/Airflow-tuts/dags/buchki.py for tasks to queue
[2019-08-09 15:52:31,391] {logging_mixin.py:95} INFO - [2019-08-09 15:52:31,391] {dagbag.py:90} INFO - Filling up the DagBag from /Users/vijay.karingula/Desktop/Projects/Airflow-tuts/dags/buchki.py
[2019-08-09 15:52:31,393] {scheduler_job.py:1507} WARNING - No viable dags retrieved from /Users/vijay.karingula/Desktop/Projects/Airflow-tuts/dags/buchki.py
[2019-08-09 15:52:31,394] {scheduler_job.py:152} INFO - Processing /Users/vijay.karingula/Desktop/Projects/Airflow-tuts/dags/buchki.py took 0.012 seconds
[2019-08-09 15:52:41,401] {logging_mixin.py:95} INFO - [2019-08-09 15:52:41,400] {settings.py:213} INFO - settings.configure_orm(): Using pool settings. pool_size=5, max_overflow=10, pool_recycle=1800, pid=50176
[2019-08-09 15:52:41,404] {scheduler_job.py:146} INFO - Started process (PID=50176) to work on /Users/vijay.karingula/Desktop/Projects/Airflow-tuts/dags/buchki.py
[2019-08-09 15:52:41,411] {scheduler_job.py:1493} INFO - Processing file /Users/vijay.karingula/Desktop/Projects/Airflow-tuts/dags/buchki.py for tasks to queue
[2019-08-09 15:52:41,412] {logging_mixin.py:95} INFO - [2019-08-09 15:52:41,412] {dagbag.py:90} INFO - Filling up the DagBag from /Users/vijay.karingula/Desktop/Projects/Airflow-tuts/dags/buchki.py
[2019-08-09 15:52:41,413] {scheduler_job.py:1507} WARNING - No viable dags retrieved from /Users/vijay.karingula/Desktop/Projects/Airflow-tuts/dags/buchki.py
[2019-08-09 15:52:41,414] {scheduler_job.py:152} INFO - Processing /Users/vijay.karingula/Desktop/Projects/Airflow-tuts/dags/buchki.py took 0.010 seconds
[2019-08-09 15:52:51,422] {logging_mixin.py:95} INFO - [2019-08-09 15:52:51,422] {settings.py:213} INFO - settings.configure_orm(): Using pool settings. pool_size=5, max_overflow=10, pool_recycle=1800, pid=50227
[2019-08-09 15:52:51,427] {scheduler_job.py:146} INFO - Started process (PID=50227) to work on /Users/vijay.karingula/Desktop/Projects/Airflow-tuts/dags/buchki.py
[2019-08-09 15:52:51,434] {scheduler_job.py:1493} INFO - Processing file /Users/vijay.karingula/Desktop/Projects/Airflow-tuts/dags/buchki.py for tasks to queue
[2019-08-09 15:52:51,435] {logging_mixin.py:95} INFO - [2019-08-09 15:52:51,434] {dagbag.py:90} INFO - Filling up the DagBag from /Users/vijay.karingula/Desktop/Projects/Airflow-tuts/dags/buchki.py
[2019-08-09 15:52:51,436] {scheduler_job.py:1507} WARNING - No viable dags retrieved from /Users/vijay.karingula/Desktop/Projects/Airflow-tuts/dags/buchki.py
[2019-08-09 15:52:51,437] {scheduler_job.py:152} INFO - Processing /Users/vijay.karingula/Desktop/Projects/Airflow-tuts/dags/buchki.py took 0.010 seconds
[2019-08-09 15:53:01,433] {logging_mixin.py:95} INFO - [2019-08-09 15:53:01,432] {settings.py:213} INFO - settings.configure_orm(): Using pool settings. pool_size=5, max_overflow=10, pool_recycle=1800, pid=50284
[2019-08-09 15:53:01,436] {scheduler_job.py:146} INFO - Started process (PID=50284) to work on /Users/vijay.karingula/Desktop/Projects/Airflow-tuts/dags/buchki.py
[2019-08-09 15:53:01,444] {scheduler_job.py:1493} INFO - Processing file /Users/vijay.karingula/Desktop/Projects/Airflow-tuts/dags/buchki.py for tasks to queue
[2019-08-09 15:53:01,445] {logging_mixin.py:95} INFO - [2019-08-09 15:53:01,445] {dagbag.py:90} INFO - Filling up the DagBag from /Users/vijay.karingula/Desktop/Projects/Airflow-tuts/dags/buchki.py
[2019-08-09 15:53:01,446] {scheduler_job.py:1507} WARNING - No viable dags retrieved from /Users/vijay.karingula/Desktop/Projects/Airflow-tuts/dags/buchki.py
[2019-08-09 15:53:01,447] {scheduler_job.py:152} INFO - Processing /Users/vijay.karingula/Desktop/Projects/Airflow-tuts/dags/buchki.py took 0.010 seconds
[2019-08-09 15:53:11,461] {logging_mixin.py:95} INFO - [2019-08-09 15:53:11,461] {settings.py:213} INFO - settings.configure_orm(): Using pool settings. pool_size=5, max_overflow=10, pool_recycle=1800, pid=50346
[2019-08-09 15:53:11,466] {scheduler_job.py:146} INFO - Started process (PID=50346) to work on /Users/vijay.karingula/Desktop/Projects/Airflow-tuts/dags/buchki.py
[2019-08-09 15:53:11,474] {scheduler_job.py:1493} INFO - Processing file /Users/vijay.karingula/Desktop/Projects/Airflow-tuts/dags/buchki.py for tasks to queue
[2019-08-09 15:53:11,475] {logging_mixin.py:95} INFO - [2019-08-09 15:53:11,475] {dagbag.py:90} INFO - Filling up the DagBag from /Users/vijay.karingula/Desktop/Projects/Airflow-tuts/dags/buchki.py
[2019-08-09 15:53:11,476] {scheduler_job.py:1507} WARNING - No viable dags retrieved from /Users/vijay.karingula/Desktop/Projects/Airflow-tuts/dags/buchki.py
[2019-08-09 15:53:11,477] {scheduler_job.py:152} INFO - Processing /Users/vijay.karingula/Desktop/Projects/Airflow-tuts/dags/buchki.py took 0.011 seconds
